<?xml version="1.0" encoding="UTF-8"?>
<!-- Generated by org.testng.reporters.JUnitReportReporter -->
<testsuite hostname="LTIN425663" failures="0" tests="2" name="com.tests.TestsAll" time="67.587" errors="0" timestamp="2023-08-24T15:05:45 IST" skipped="0">
  <testcase classname="com.tests.TestsAll" name="testHomePage" time="26.028"/>
  <testcase classname="com.tests.TestsAll" name="testHomePage" time="41.559"/>
</testsuite> <!-- com.tests.TestsAll -->
